/*C89*/SET SCHEMA PUBLIC
alter table pedidos_produtos drop constraint FK48DF97EB95989467
alter table pedidos_produtos drop constraint FK48DF97EB2482E0AD
alter table produtos_cotacoes drop constraint FKA558F77895989467
alter table produtos_cotacoes drop constraint FKA558F7785760407
drop table cargos if exists
drop table cotacoes if exists
drop table pedidos if exists
drop table pedidos_produtos if exists
drop table produtos if exists
drop table produtos_cotacoes if exists
create table cargos (id bigint generated by default as identity (start with 1), nome varchar(255), primary key (id))
create table cotacoes (id bigint generated by default as identity (start with 1), cpf varchar(255), dataSolicitacao timestamp, solicitante varchar(255), primary key (id))
create table pedidos (idPedido bigint generated by default as identity (start with 1), cpf varchar(255), data timestamp, endereco varchar(255), nome varchar(255), total varchar(255), primary key (idPedido))
create table pedidos_produtos (quantidade varchar(255), valor varchar(255), produto_id bigint, pedido_id bigint, primary key (pedido_id, produto_id))
create table produtos (idProduto bigint generated by default as identity (start with 1), descricao varchar(255), nome varchar(255), quantidade varchar(255), valor varchar(255), primary key (idProduto))
create table produtos_cotacoes (cotacao_id bigint not null, produto_id bigint not null, primary key (cotacao_id, produto_id))
alter table pedidos_produtos add constraint FK48DF97EB95989467 foreign key (produto_id) references produtos
alter table pedidos_produtos add constraint FK48DF97EB2482E0AD foreign key (pedido_id) references pedidos
alter table produtos_cotacoes add constraint FKA558F77895989467 foreign key (produto_id) references produtos
alter table produtos_cotacoes add constraint FKA558F7785760407 foreign key (cotacao_id) references cotacoes
DISCONNECT
/*C90*/SET SCHEMA PUBLIC
DISCONNECT
/*C91*/SET SCHEMA PUBLIC
DISCONNECT
/*C92*/SET SCHEMA PUBLIC
INSERT INTO PRODUTOS VALUES(1,'Teclado','Teclado','1000','10')
COMMIT
DISCONNECT
/*C93*/SET SCHEMA PUBLIC
DISCONNECT
/*C94*/SET SCHEMA PUBLIC
DISCONNECT
/*C95*/SET SCHEMA PUBLIC
DISCONNECT
/*C96*/SET SCHEMA PUBLIC
DELETE FROM PRODUTOS WHERE IDPRODUTO=1
INSERT INTO PRODUTOS VALUES(1,'Teclado','Teclado','1000','100')
COMMIT
DISCONNECT
/*C98*/SET SCHEMA PUBLIC
DISCONNECT
/*C99*/SET SCHEMA PUBLIC
DELETE FROM PRODUTOS WHERE IDPRODUTO=1
COMMIT
DISCONNECT
/*C100*/SET SCHEMA PUBLIC
DISCONNECT
/*C101*/SET SCHEMA PUBLIC
INSERT INTO PRODUTOS VALUES(2,'Mouse','Mouse','2000','40')
COMMIT
DISCONNECT
/*C102*/SET SCHEMA PUBLIC
DISCONNECT
/*C103*/SET SCHEMA PUBLIC
DISCONNECT
/*C104*/SET SCHEMA PUBLIC
DISCONNECT
/*C105*/SET SCHEMA PUBLIC
DISCONNECT
/*C106*/SET SCHEMA PUBLIC
DELETE FROM PRODUTOS WHERE IDPRODUTO=2
INSERT INTO PRODUTOS VALUES(2,'Mouse','Mouse','200','40')
COMMIT
DISCONNECT
/*C107*/SET SCHEMA PUBLIC
DISCONNECT
